4510.asm
6502.asm
65816.asm
arithmetic.asm
arraydef.asm
arrayidx.asm
basic.asm
branch.asm
checks.asm
compare.asm
concrete.asm
core.asm
data.asm
dim.asm
divide.asm
em6502.asm
em65816.asm
evaluate.asm
extract.asm
for.asm
fpadd.asm
fpcompare.asm
fpdivide.asm
fpfromstr.asm
fpmultiply.asm
fpparts.asm
fptest.asm
fptostr.asm
fputils.asm
get.asm
if.asm
input.asm
interface_em6502.asm
interface_em65816.asm
interface_mega65.asm
interface_test.asm
interface_tools.asm
intfromstr.asm
inttostr.asm
let.asm
list.asm
logical.asm
mega65.asm
mod.asm
multiply.asm
newold.asm
peek.asm
poke.asm
pos.asm
print.asm
programend.asm
read.asm
repeat.asm
run.asm
skip.asm
slice.asm
spc.asm
stack.asm
stop.asm
str.asm
tempalloc.asm
tim.asm
val.asm
varcreate.asm
varfind.asm
vargetset.asm
variables.asm
vectors.asm
wait.asm
while.asm